==========
loading data...

=====stat=====
data shape: (5856, 2, 46, 87)
# of days: 122, from 2013-03-01 to 2013-06-30
# of timeslots: 5856
# of timeslots (available): 5856
missing ratio of timeslots: 0.0%
max: 166629.000, min: 0.000
# of valid inflow cells: 842
# of valid outflow cells: 893
=====stat=====

train_data shape: (4512, 2, 46, 87)
XC shape: (5855, 2, 46, 87)
XP shape: (0,)
XT shape: (0,)
Y shape: (5855, 2, 46, 87)
train set X shape: (4511, 2, 46, 87)
train set Y shape(4511, 2, 46, 87)
test set X shape: (1344, 2, 46, 87)
test set Y shape: (1344, 2, 46, 87)
X train shape for closeness : (4511, 2, 46, 87)
X test shape for closeness : (1344, 2, 46, 87)

elapsed time (loading data): 8.316 seconds

==========
evaluating persistence model...

Predictions shape: (1344, 2, 46, 87)
Test shape: (1344, 2, 46, 87)
rmse (norm): 0.043864 rmse (real): 3654.524719

elapsed time (persitence model prediction): 0.323 seconds

