==========
loading data...

=====stat=====
data shape: (5856, 2, 46, 87)
# of days: 122, from 2013-03-01 to 2013-06-30
# of timeslots: 5856
# of timeslots (available): 5856
missing ratio of timeslots: 0.0%
max: 166629.000, min: 0.000
# of valid inflow cells: 842
# of valid outflow cells: 893
=====stat=====

train_data shape: (4512, 2, 46, 87)
XC shape: (5520, 8, 46, 87)
XP shape: (5520, 2, 46, 87)
XT shape: (5520, 2, 46, 87)
Y shape: (5520, 2, 46, 87)
total number of holidays/weekends: 1776.0
windspeed shape: (5520,)
weather shape: (5520, 8)
temperature shape: (5520,)
merged shape: (5520, 10)
time feature shape: (5520, 8)
holiday feature shape: (5520, 1)
weather feature shape: (5520, 10)
meta feature shape: (5520, 19)
train set X shape: (4176, 8, 46, 87)
train set Y shape(4176, 2, 46, 87)
test set X shape: (1344, 8, 46, 87)
test set Y shape: (1344, 2, 46, 87)
X train shape for closeness : (4176, 8, 46, 87)
X train shape for period : (4176, 2, 46, 87)
X train shape for trend : (4176, 2, 46, 87)
X train shape for meta : (4176, 19)
X test shape for closeness : (1344, 8, 46, 87)
X test shape for period : (1344, 2, 46, 87)
X test shape for trend : (1344, 2, 46, 87)
X test shape for meta : (1344, 19)

elapsed time (loading data): 100.502 seconds

==========
compiling model...


elapsed time (model compilation): 4.540 seconds

==========
training model (development)...


elapsed time (development training): 6677.114 seconds

==========
evaluate the model that has the best loss on the valid set

Train score: 0.000376 rmse (norm): 0.019349 rmse (real): 1612.040107
Test score: 0.000353 rmse (norm): 0.018786 rmse (real): 1565.123702

elapsed time (development evaluation): 78.472 seconds

==========
training model (full)...


elapsed time (full training): 22189.016 seconds

==========
evaluating using the final model

Train score: 0.000240 rmse (norm): 0.015448 rmse (real): 1287.066160
Test score: 0.000223 rmse (norm): 0.014925 rmse (real): 1243.480185

elapsed time (full evaluation): 78.187 seconds

Predictions shape: (1344, 2, 46, 87)
Test shape: (1344, 2, 46, 87)
Total training time: 8 hrs 1 mins 6.130288 s
