==========
loading data...

=====stat=====
data shape: (5856, 2, 46, 87)
# of days: 122, from 2015-06-01 to 2015-09-30
# of timeslots: 5856
# of timeslots (available): 5856
missing ratio of timeslots: 0.0%
max: 160926.000, min: 0.000
# of valid inflow cells: 882
# of valid outflow cells: 935
=====stat=====

train_data shape: (4512, 2, 46, 87)
XC shape: (5520, 8, 46, 87)
XP shape: (5520, 2, 46, 87)
XT shape: (5520, 2, 46, 87)
Y shape: (5520, 2, 46, 87)
total number of holidays/weekends: 1680.0
windspeed shape: (5520,)
weather shape: (5520, 8)
temperature shape: (5520,)
merged shape: (5520, 10)
time feature shape: (5520, 8)
holiday feature shape: (5520, 1)
weather feature shape: (5520, 10)
meta feature shape: (5520, 19)
train set X shape: (4176, 8, 46, 87)
train set Y shape(4176, 2, 46, 87)
test set X shape: (1344, 8, 46, 87)
test set Y shape: (1344, 2, 46, 87)
X train shape for closeness : (4176, 8, 46, 87)
X train shape for period : (4176, 2, 46, 87)
X train shape for trend : (4176, 2, 46, 87)
X train shape for meta : (4176, 19)
X test shape for closeness : (1344, 8, 46, 87)
X test shape for period : (1344, 2, 46, 87)
X test shape for trend : (1344, 2, 46, 87)
X test shape for meta : (1344, 19)

elapsed time (loading data): 100.531 seconds

==========
compiling model...


elapsed time (model compilation): 4.475 seconds

==========
training model (development)...


elapsed time (development training): 5992.686 seconds

==========
evaluate the model that has the best loss on the valid set

Train score: 0.000462 rmse (norm): 0.021466 rmse (real): 1727.192137
Test score: 0.000507 rmse (norm): 0.022512 rmse (real): 1811.410337

elapsed time (development evaluation): 78.725 seconds

==========
training model (full)...


elapsed time (full training): 22219.752 seconds

==========
evaluating using the final model

Train score: 0.000266 rmse (norm): 0.016274 rmse (real): 1309.463016
Test score: 0.000306 rmse (norm): 0.017483 rmse (real): 1406.730709

elapsed time (full evaluation): 78.965 seconds

Predictions shape: (1344, 2, 46, 87)
Test shape: (1344, 2, 46, 87)
Total training time: 7 hrs 50 mins 12.438231 s
