==========
loading data...

reading dataset/CACHE/SG_VDLset3_M87x46_T30_c4.p1.t1_Ext.W.H_masked.h5...
loaded dataset/CACHE/SG_VDLset3_M87x46_T30_c4.p1.t1_Ext.W.H_masked.h5 successfully

elapsed time (loading data): 16.654 seconds

==========
compiling model...


elapsed time (model compilation): 6.082 seconds

==========
training model (development)...


elapsed time (development training): 8681.805 seconds

==========
evaluate the model that has the best loss on the valid set

Train score: 0.001596 rmse (norm): 0.039825 rmse (real): 3204.478263
Test score: 0.001888 rmse (norm): 0.043454 rmse (real): 3496.400143

elapsed time (development evaluation): 112.151 seconds

==========
training model (full)...


elapsed time (full training): 32024.939 seconds

==========
evaluating using the final model

Train score: 0.001045 rmse (norm): 0.032257 rmse (real): 2595.509933
Test score: 0.001269 rmse (norm): 0.035627 rmse (real): 2866.622032

elapsed time (full evaluation): 111.721 seconds

Predictions shape: (1344, 2, 46, 87)
Test shape: (1344, 2, 46, 87)
Total training time: 11 hrs 18 mins 26.744094 s
