==========
loading data...

=====stat=====
data shape: (5856, 2, 46, 87)
# of days: 122, from 2015-06-01 to 2015-09-30
# of timeslots: 5856
# of timeslots (available): 5856
missing ratio of timeslots: 0.0%
max: 160926.000, min: 0.000
# of valid inflow cells: 882
# of valid outflow cells: 935
=====stat=====

train_data shape: (4512, 2, 46, 87)
XC shape: (5760, 8, 46, 87)
XP shape: (5760, 4, 46, 87)
XT shape: (0,)
Y shape: (5760, 2, 46, 87)
total number of holidays/weekends: 1776.0
windspeed shape: (5760,)
weather shape: (5760, 8)
temperature shape: (5760,)
merged shape: (5760, 10)
time feature shape: (5760, 8)
holiday feature shape: (5760, 1)
weather feature shape: (5760, 10)
meta feature shape: (5760, 19)
train set X shape: (4416, 8, 46, 87)
train set Y shape(4416, 2, 46, 87)
test set X shape: (1344, 8, 46, 87)
test set Y shape: (1344, 2, 46, 87)
X train shape for closeness : (4416, 8, 46, 87)
X train shape for period : (4416, 4, 46, 87)
X train shape for trend : (4416, 19)
X test shape for closeness : (1344, 8, 46, 87)
X test shape for period : (1344, 4, 46, 87)
X test shape for trend : (1344, 19)

elapsed time (loading data): 58.498 seconds

==========
compiling model...


elapsed time (model compilation): 3.202 seconds

==========
training model (development)...


elapsed time (development training): 5188.550 seconds

==========
evaluate the model that has the best loss on the valid set

Train score: 0.001752 rmse (norm): 0.041774 rmse (real): 3361.299677
Test score: 0.001912 rmse (norm): 0.043725 rmse (real): 3518.274256

elapsed time (development evaluation): 57.460 seconds

==========
training model (full)...


elapsed time (full training): 15941.556 seconds

==========
evaluating using the final model

Train score: 0.001091 rmse (norm): 0.032988 rmse (real): 2654.331810
Test score: 0.001224 rmse (norm): 0.034985 rmse (real): 2814.972448

elapsed time (full evaluation): 57.487 seconds

Predictions shape: (1344, 2, 46, 87)
Test shape: (1344, 2, 46, 87)
Total training time: 5 hrs 52 mins 10.105508 s
==========
loading data...

=====stat=====
data shape: (5856, 2, 46, 87)
# of days: 122, from 2015-06-01 to 2015-09-30
# of timeslots: 5856
# of timeslots (available): 5856
missing ratio of timeslots: 0.0%
max: 160926.000, min: 0.000
# of valid inflow cells: 882
# of valid outflow cells: 935
=====stat=====

train_data shape: (4512, 2, 46, 87)
XC shape: (5520, 8, 46, 87)
XP shape: (5520, 4, 46, 87)
XT shape: (5520, 2, 46, 87)
Y shape: (5520, 2, 46, 87)
total number of holidays/weekends: 1680.0
windspeed shape: (5520,)
weather shape: (5520, 8)
temperature shape: (5520,)
merged shape: (5520, 10)
time feature shape: (5520, 8)
holiday feature shape: (5520, 1)
weather feature shape: (5520, 10)
meta feature shape: (5520, 19)
train set X shape: (4176, 8, 46, 87)
train set Y shape(4176, 2, 46, 87)
test set X shape: (1344, 8, 46, 87)
test set Y shape: (1344, 2, 46, 87)
X train shape for closeness : (4176, 8, 46, 87)
X train shape for period : (4176, 4, 46, 87)
X train shape for trend : (4176, 2, 46, 87)
X train shape for meta : (4176, 19)
X test shape for closeness : (1344, 8, 46, 87)
X test shape for period : (1344, 4, 46, 87)
X test shape for trend : (1344, 2, 46, 87)
X test shape for meta : (1344, 19)

elapsed time (loading data): 118.135 seconds

==========
compiling model...


elapsed time (model compilation): 4.514 seconds

==========
training model (development)...


elapsed time (development training): 7500.287 seconds

==========
evaluate the model that has the best loss on the valid set

Train score: 0.001548 rmse (norm): 0.039248 rmse (real): 3157.984027
Test score: 0.001757 rmse (norm): 0.041912 rmse (real): 3372.355115

elapsed time (development evaluation): 80.493 seconds

==========
training model (full)...


elapsed time (full training): 22419.151 seconds

==========
evaluating using the final model

Train score: 0.001195 rmse (norm): 0.034493 rmse (real): 2775.442933
Test score: 0.001403 rmse (norm): 0.037460 rmse (real): 3014.172402

elapsed time (full evaluation): 80.516 seconds

Predictions shape: (1344, 2, 46, 87)
Test shape: (1344, 2, 46, 87)
Total training time: 8 hrs 18 mins 39.438432 s
==========
loading data...

=====stat=====
data shape: (5856, 2, 46, 87)
# of days: 122, from 2015-06-01 to 2015-09-30
# of timeslots: 5856
# of timeslots (available): 5856
missing ratio of timeslots: 0.0%
max: 160926.000, min: 0.000
# of valid inflow cells: 882
# of valid outflow cells: 935
=====stat=====

train_data shape: (4512, 2, 46, 87)
XC shape: (5712, 8, 46, 87)
XP shape: (5712, 6, 46, 87)
XT shape: (0,)
Y shape: (5712, 2, 46, 87)
total number of holidays/weekends: 1776.0
windspeed shape: (5712,)
weather shape: (5712, 8)
temperature shape: (5712,)
merged shape: (5712, 10)
time feature shape: (5712, 8)
holiday feature shape: (5712, 1)
weather feature shape: (5712, 10)
meta feature shape: (5712, 19)
train set X shape: (4368, 8, 46, 87)
train set Y shape(4368, 2, 46, 87)
test set X shape: (1344, 8, 46, 87)
test set Y shape: (1344, 2, 46, 87)
X train shape for closeness : (4368, 8, 46, 87)
X train shape for period : (4368, 6, 46, 87)
X train shape for trend : (4368, 19)
X test shape for closeness : (1344, 8, 46, 87)
X test shape for period : (1344, 6, 46, 87)
X test shape for trend : (1344, 19)

elapsed time (loading data): 87.866 seconds

==========
compiling model...


elapsed time (model compilation): 2.837 seconds

==========
training model (development)...


elapsed time (development training): 7062.305 seconds

==========
evaluate the model that has the best loss on the valid set

Train score: 0.001536 rmse (norm): 0.039133 rmse (real): 3148.761223
Test score: 0.001663 rmse (norm): 0.040778 rmse (real): 3281.086635

elapsed time (development evaluation): 57.451 seconds

==========
training model (full)...


elapsed time (full training): 15825.069 seconds

==========
evaluating using the final model

Train score: 0.001111 rmse (norm): 0.033292 rmse (real): 2678.773564
Test score: 0.001223 rmse (norm): 0.034964 rmse (real): 2813.331328

elapsed time (full evaluation): 57.466 seconds

Predictions shape: (1344, 2, 46, 87)
Test shape: (1344, 2, 46, 87)
Total training time: 6 hrs 21 mins 27.374433 s
==========
loading data...

=====stat=====
data shape: (5856, 2, 46, 87)
# of days: 122, from 2015-06-01 to 2015-09-30
# of timeslots: 5856
# of timeslots (available): 5856
missing ratio of timeslots: 0.0%
max: 160926.000, min: 0.000
# of valid inflow cells: 882
# of valid outflow cells: 935
=====stat=====

train_data shape: (4512, 2, 46, 87)
XC shape: (5520, 8, 46, 87)
XP shape: (5520, 6, 46, 87)
XT shape: (5520, 2, 46, 87)
Y shape: (5520, 2, 46, 87)
total number of holidays/weekends: 1680.0
windspeed shape: (5520,)
weather shape: (5520, 8)
temperature shape: (5520,)
merged shape: (5520, 10)
time feature shape: (5520, 8)
holiday feature shape: (5520, 1)
weather feature shape: (5520, 10)
meta feature shape: (5520, 19)
train set X shape: (4176, 8, 46, 87)
train set Y shape(4176, 2, 46, 87)
test set X shape: (1344, 8, 46, 87)
test set Y shape: (1344, 2, 46, 87)
X train shape for closeness : (4176, 8, 46, 87)
X train shape for period : (4176, 6, 46, 87)
X train shape for trend : (4176, 2, 46, 87)
X train shape for meta : (4176, 19)
X test shape for closeness : (1344, 8, 46, 87)
X test shape for period : (1344, 6, 46, 87)
X test shape for trend : (1344, 2, 46, 87)
X test shape for meta : (1344, 19)

elapsed time (loading data): 148.106 seconds

==========
compiling model...


elapsed time (model compilation): 3.957 seconds

==========
training model (development)...


elapsed time (development training): 6892.754 seconds

==========
evaluate the model that has the best loss on the valid set

Train score: 0.001648 rmse (norm): 0.040511 rmse (real): 3259.625650
Test score: 0.001917 rmse (norm): 0.043780 rmse (real): 3522.692542

elapsed time (development evaluation): 80.987 seconds

==========
training model (full)...


elapsed time (full training): 22469.757 seconds

==========
evaluating using the final model

Train score: 0.000999 rmse (norm): 0.031535 rmse (real): 2537.387244
Test score: 0.001219 rmse (norm): 0.034915 rmse (real): 2809.363263

elapsed time (full evaluation): 81.004 seconds

Predictions shape: (1344, 2, 46, 87)
Test shape: (1344, 2, 46, 87)
Total training time: 8 hrs 9 mins 22.511188 s
==========
loading data...

=====stat=====
data shape: (5856, 2, 46, 87)
# of days: 122, from 2015-06-01 to 2015-09-30
# of timeslots: 5856
# of timeslots (available): 5856
missing ratio of timeslots: 0.0%
max: 160926.000, min: 0.000
# of valid inflow cells: 882
# of valid outflow cells: 935
=====stat=====

train_data shape: (4512, 2, 46, 87)
XC shape: (5664, 8, 46, 87)
XP shape: (5664, 8, 46, 87)
XT shape: (0,)
Y shape: (5664, 2, 46, 87)
total number of holidays/weekends: 1776.0
windspeed shape: (5664,)
weather shape: (5664, 8)
temperature shape: (5664,)
merged shape: (5664, 10)
time feature shape: (5664, 8)
holiday feature shape: (5664, 1)
weather feature shape: (5664, 10)
meta feature shape: (5664, 19)
train set X shape: (4320, 8, 46, 87)
train set Y shape(4320, 2, 46, 87)
test set X shape: (1344, 8, 46, 87)
test set Y shape: (1344, 2, 46, 87)
X train shape for closeness : (4320, 8, 46, 87)
X train shape for period : (4320, 8, 46, 87)
X train shape for trend : (4320, 19)
X test shape for closeness : (1344, 8, 46, 87)
X test shape for period : (1344, 8, 46, 87)
X test shape for trend : (1344, 19)

elapsed time (loading data): 126.552 seconds

==========
compiling model...


elapsed time (model compilation): 2.823 seconds

==========
training model (development)...


elapsed time (development training): 6719.750 seconds

==========
evaluate the model that has the best loss on the valid set

Train score: 0.001525 rmse (norm): 0.039001 rmse (real): 3138.166467
Test score: 0.001780 rmse (norm): 0.042190 rmse (real): 3394.695636

elapsed time (development evaluation): 57.549 seconds

==========
training model (full)...


elapsed time (full training): 15705.852 seconds

==========
evaluating using the final model

Train score: 0.001055 rmse (norm): 0.032433 rmse (real): 2609.686651
Test score: 0.001279 rmse (norm): 0.035767 rmse (real): 2877.903349

elapsed time (full evaluation): 57.551 seconds

Predictions shape: (1344, 2, 46, 87)
Test shape: (1344, 2, 46, 87)
Total training time: 6 hrs 13 mins 45.601897 s
==========
loading data...

=====stat=====
data shape: (5856, 2, 46, 87)
# of days: 122, from 2015-06-01 to 2015-09-30
# of timeslots: 5856
# of timeslots (available): 5856
missing ratio of timeslots: 0.0%
max: 160926.000, min: 0.000
# of valid inflow cells: 882
# of valid outflow cells: 935
=====stat=====

train_data shape: (4512, 2, 46, 87)
XC shape: (5520, 8, 46, 87)
XP shape: (5520, 8, 46, 87)
XT shape: (5520, 2, 46, 87)
Y shape: (5520, 2, 46, 87)
total number of holidays/weekends: 1680.0
windspeed shape: (5520,)
weather shape: (5520, 8)
temperature shape: (5520,)
merged shape: (5520, 10)
time feature shape: (5520, 8)
holiday feature shape: (5520, 1)
weather feature shape: (5520, 10)
meta feature shape: (5520, 19)
train set X shape: (4176, 8, 46, 87)
train set Y shape(4176, 2, 46, 87)
test set X shape: (1344, 8, 46, 87)
test set Y shape: (1344, 2, 46, 87)
X train shape for closeness : (4176, 8, 46, 87)
X train shape for period : (4176, 8, 46, 87)
X train shape for trend : (4176, 2, 46, 87)
X train shape for meta : (4176, 19)
X test shape for closeness : (1344, 8, 46, 87)
X test shape for period : (1344, 8, 46, 87)
X test shape for trend : (1344, 2, 46, 87)
X test shape for meta : (1344, 19)

elapsed time (loading data): 184.302 seconds

==========
compiling model...


elapsed time (model compilation): 4.038 seconds

==========
training model (development)...


elapsed time (development training): 10456.094 seconds

==========
evaluate the model that has the best loss on the valid set

Train score: 0.001325 rmse (norm): 0.036319 rmse (real): 2922.312481
Test score: 0.001534 rmse (norm): 0.039165 rmse (real): 3151.343396

elapsed time (development evaluation): 82.236 seconds

==========
training model (full)...


elapsed time (full training): 22506.267 seconds

==========
evaluating using the final model

Train score: 0.001031 rmse (norm): 0.032045 rmse (real): 2578.440697
Test score: 0.001235 rmse (norm): 0.035145 rmse (real): 2827.888291

elapsed time (full evaluation): 82.005 seconds

Predictions shape: (1344, 2, 46, 87)
Test shape: (1344, 2, 46, 87)
Total training time: 9 hrs 9 mins 22.361209 s
==========
loading data...

=====stat=====
data shape: (5856, 2, 46, 87)
# of days: 122, from 2015-12-01 to 2016-03-31
# of timeslots: 5856
# of timeslots (available): 5856
missing ratio of timeslots: 0.0%
max: 142557.000, min: 0.000
# of valid inflow cells: 881
# of valid outflow cells: 939
=====stat=====

train_data shape: (4512, 2, 46, 87)
XC shape: (5852, 8, 46, 87)
XP shape: (0,)
XT shape: (0,)
Y shape: (5852, 2, 46, 87)
total number of holidays/weekends: 1968.0
windspeed shape: (5852,)
weather shape: (5852, 8)
temperature shape: (5852,)
merged shape: (5852, 10)
time feature shape: (5852, 8)
holiday feature shape: (5852, 1)
weather feature shape: (5852, 10)
meta feature shape: (5852, 19)
train set X shape: (4508, 8, 46, 87)
train set Y shape(4508, 2, 46, 87)
test set X shape: (1344, 8, 46, 87)
test set Y shape: (1344, 2, 46, 87)
X train shape for closeness : (4508, 8, 46, 87)
X train shape for period : (4508, 19)
X test shape for closeness : (1344, 8, 46, 87)
X test shape for period : (1344, 19)

elapsed time (loading data): 23.258 seconds

==========
compiling model...


elapsed time (model compilation): 1.476 seconds

==========
training model (development)...


elapsed time (development training): 1847.870 seconds

==========
evaluate the model that has the best loss on the valid set

Train score: 0.001785 rmse (norm): 0.042155 rmse (real): 3004.764145
Test score: 0.001734 rmse (norm): 0.041640 rmse (real): 2968.044603

elapsed time (development evaluation): 30.485 seconds

==========
training model (full)...


elapsed time (full training): 8258.906 seconds

==========
evaluating using the final model

Train score: 0.001312 rmse (norm): 0.036139 rmse (real): 2575.952583
Test score: 0.001309 rmse (norm): 0.036174 rmse (real): 2578.402919

elapsed time (full evaluation): 30.524 seconds

Predictions shape: (1344, 2, 46, 87)
Test shape: (1344, 2, 46, 87)
Total training time: 2 hrs 48 mins 26.775881 s
==========
loading data...

=====stat=====
data shape: (5856, 2, 46, 87)
# of days: 122, from 2015-12-01 to 2016-03-31
# of timeslots: 5856
# of timeslots (available): 5856
missing ratio of timeslots: 0.0%
max: 142557.000, min: 0.000
# of valid inflow cells: 881
# of valid outflow cells: 939
=====stat=====

train_data shape: (4512, 2, 46, 87)
XC shape: (5520, 8, 46, 87)
XP shape: (0,)
XT shape: (5520, 2, 46, 87)
Y shape: (5520, 2, 46, 87)
total number of holidays/weekends: 1872.0
windspeed shape: (5520,)
weather shape: (5520, 8)
temperature shape: (5520,)
merged shape: (5520, 10)
time feature shape: (5520, 8)
holiday feature shape: (5520, 1)
weather feature shape: (5520, 10)
meta feature shape: (5520, 19)
train set X shape: (4176, 8, 46, 87)
train set Y shape(4176, 2, 46, 87)
test set X shape: (1344, 8, 46, 87)
test set Y shape: (1344, 2, 46, 87)
X train shape for closeness : (4176, 8, 46, 87)
X train shape for period : (4176, 2, 46, 87)
X train shape for trend : (4176, 19)
X test shape for closeness : (1344, 8, 46, 87)
X test shape for period : (1344, 2, 46, 87)
X test shape for trend : (1344, 19)

elapsed time (loading data): 86.317 seconds

==========
compiling model...


elapsed time (model compilation): 2.742 seconds

==========
training model (development)...


elapsed time (development training): 4316.606 seconds

==========
evaluate the model that has the best loss on the valid set

Train score: 0.002135 rmse (norm): 0.045928 rmse (real): 3273.689188
Test score: 0.001906 rmse (norm): 0.043661 rmse (real): 3112.089408

elapsed time (development evaluation): 54.175 seconds

==========
training model (full)...


elapsed time (full training): 14975.680 seconds

==========
evaluating using the final model

Train score: 0.001292 rmse (norm): 0.035795 rmse (real): 2551.389854
Test score: 0.001182 rmse (norm): 0.034386 rmse (real): 2450.992435

elapsed time (full evaluation): 54.160 seconds

Predictions shape: (1344, 2, 46, 87)
Test shape: (1344, 2, 46, 87)
Total training time: 5 hrs 21 mins 32.286326 s
==========
loading data...

=====stat=====
data shape: (5856, 2, 46, 87)
# of days: 122, from 2015-12-01 to 2016-03-31
# of timeslots: 5856
# of timeslots (available): 5856
missing ratio of timeslots: 0.0%
max: 142557.000, min: 0.000
# of valid inflow cells: 881
# of valid outflow cells: 939
=====stat=====

train_data shape: (4512, 2, 46, 87)
XC shape: (5808, 8, 46, 87)
XP shape: (5808, 2, 46, 87)
XT shape: (0,)
Y shape: (5808, 2, 46, 87)
total number of holidays/weekends: 1968.0
windspeed shape: (5808,)
weather shape: (5808, 8)
temperature shape: (5808,)
merged shape: (5808, 10)
time feature shape: (5808, 8)
holiday feature shape: (5808, 1)
weather feature shape: (5808, 10)
meta feature shape: (5808, 19)
train set X shape: (4464, 8, 46, 87)
train set Y shape(4464, 2, 46, 87)
test set X shape: (1344, 8, 46, 87)
test set Y shape: (1344, 2, 46, 87)
X train shape for closeness : (4464, 8, 46, 87)
X train shape for period : (4464, 2, 46, 87)
X train shape for trend : (4464, 19)
X test shape for closeness : (1344, 8, 46, 87)
X test shape for period : (1344, 2, 46, 87)
X test shape for trend : (1344, 19)

elapsed time (loading data): 36.313 seconds

==========
compiling model...


elapsed time (model compilation): 2.892 seconds

==========
training model (development)...


elapsed time (development training): 7439.877 seconds

==========
evaluate the model that has the best loss on the valid set

Train score: 0.001558 rmse (norm): 0.039392 rmse (real): 2807.785777
Test score: 0.001519 rmse (norm): 0.038971 rmse (real): 2777.816952

elapsed time (development evaluation): 57.021 seconds

==========
training model (full)...


elapsed time (full training): 16016.249 seconds

==========
evaluating using the final model

Train score: 0.001119 rmse (norm): 0.033366 rmse (real): 2378.276996
Test score: 0.001087 rmse (norm): 0.032975 rmse (real): 2350.380614

elapsed time (full evaluation): 57.227 seconds

Predictions shape: (1344, 2, 46, 87)
Test shape: (1344, 2, 46, 87)
Total training time: 6 hrs 30 mins 56.125555 s
==========
loading data...

reading dataset/CACHE/SG_VDLset4_M87x46_T30_c4.p1.t1_Ext.W.H_masked.h5...
loaded dataset/CACHE/SG_VDLset4_M87x46_T30_c4.p1.t1_Ext.W.H_masked.h5 successfully

elapsed time (loading data): 1.627 seconds

==========
compiling model...


elapsed time (model compilation): 4.509 seconds

==========
training model (development)...


elapsed time (development training): 7259.136 seconds

==========
evaluate the model that has the best loss on the valid set

Train score: 0.002019 rmse (norm): 0.044701 rmse (real): 3186.242559
Test score: 0.001829 rmse (norm): 0.042766 rmse (real): 3048.274103

elapsed time (development evaluation): 79.697 seconds

==========
training model (full)...


elapsed time (full training): 22323.577 seconds

==========
evaluating using the final model

Train score: 0.001164 rmse (norm): 0.033972 rmse (real): 2421.450308
Test score: 0.001081 rmse (norm): 0.032873 rmse (real): 2343.165814

elapsed time (full evaluation): 80.314 seconds

Predictions shape: (1344, 2, 46, 87)
Test shape: (1344, 2, 46, 87)
Total training time: 8 hrs 13 mins 2.713691 s
==========
loading data...

=====stat=====
data shape: (5856, 2, 46, 87)
# of days: 122, from 2015-12-01 to 2016-03-31
# of timeslots: 5856
# of timeslots (available): 5856
missing ratio of timeslots: 0.0%
max: 142557.000, min: 0.000
# of valid inflow cells: 881
# of valid outflow cells: 939
=====stat=====

train_data shape: (4512, 2, 46, 87)
XC shape: (5760, 8, 46, 87)
XP shape: (5760, 4, 46, 87)
XT shape: (0,)
Y shape: (5760, 2, 46, 87)
total number of holidays/weekends: 1968.0
windspeed shape: (5760,)
weather shape: (5760, 8)
temperature shape: (5760,)
merged shape: (5760, 10)
time feature shape: (5760, 8)
holiday feature shape: (5760, 1)
weather feature shape: (5760, 10)
meta feature shape: (5760, 19)
train set X shape: (4416, 8, 46, 87)
train set Y shape(4416, 2, 46, 87)
test set X shape: (1344, 8, 46, 87)
test set Y shape: (1344, 2, 46, 87)
X train shape for closeness : (4416, 8, 46, 87)
X train shape for period : (4416, 4, 46, 87)
X train shape for trend : (4416, 19)
X test shape for closeness : (1344, 8, 46, 87)
X test shape for period : (1344, 4, 46, 87)
X test shape for trend : (1344, 19)

elapsed time (loading data): 58.780 seconds

==========
compiling model...


elapsed time (model compilation): 2.480 seconds

==========
training model (development)...


elapsed time (development training): 9490.653 seconds

==========
evaluate the model that has the best loss on the valid set

Train score: 0.001541 rmse (norm): 0.039170 rmse (real): 2792.011130
Test score: 0.001461 rmse (norm): 0.038220 rmse (real): 2724.265033

elapsed time (development evaluation): 57.621 seconds

==========
training model (full)...


elapsed time (full training): 15963.101 seconds

==========
evaluating using the final model

Train score: 0.001175 rmse (norm): 0.034186 rmse (real): 2436.706444
Test score: 0.001139 rmse (norm): 0.033754 rmse (real): 2405.962534

elapsed time (full evaluation): 57.498 seconds

Predictions shape: (1344, 2, 46, 87)
Test shape: (1344, 2, 46, 87)
Total training time: 7 hrs 4 mins 13.754529 s
==========
loading data...

=====stat=====
data shape: (5856, 2, 46, 87)
# of days: 122, from 2015-12-01 to 2016-03-31
# of timeslots: 5856
# of timeslots (available): 5856
missing ratio of timeslots: 0.0%
max: 142557.000, min: 0.000
# of valid inflow cells: 881
# of valid outflow cells: 939
=====stat=====

train_data shape: (4512, 2, 46, 87)
XC shape: (5520, 8, 46, 87)
XP shape: (5520, 4, 46, 87)
XT shape: (5520, 2, 46, 87)
Y shape: (5520, 2, 46, 87)
total number of holidays/weekends: 1872.0
windspeed shape: (5520,)
weather shape: (5520, 8)
temperature shape: (5520,)
merged shape: (5520, 10)
time feature shape: (5520, 8)
holiday feature shape: (5520, 1)
weather feature shape: (5520, 10)
meta feature shape: (5520, 19)
train set X shape: (4176, 8, 46, 87)
train set Y shape(4176, 2, 46, 87)
test set X shape: (1344, 8, 46, 87)
test set Y shape: (1344, 2, 46, 87)
X train shape for closeness : (4176, 8, 46, 87)
X train shape for period : (4176, 4, 46, 87)
X train shape for trend : (4176, 2, 46, 87)
X train shape for meta : (4176, 19)
X test shape for closeness : (1344, 8, 46, 87)
X test shape for period : (1344, 4, 46, 87)
X test shape for trend : (1344, 2, 46, 87)
X test shape for meta : (1344, 19)

elapsed time (loading data): 122.805 seconds

==========
compiling model...


elapsed time (model compilation): 4.025 seconds

==========
training model (development)...


elapsed time (development training): 5838.134 seconds

==========
evaluate the model that has the best loss on the valid set

Train score: 0.001591 rmse (norm): 0.039660 rmse (real): 2826.874548
Test score: 0.001438 rmse (norm): 0.037921 rmse (real): 2702.979102

elapsed time (development evaluation): 81.046 seconds

==========
training model (full)...


elapsed time (full training): 22409.797 seconds

==========
evaluating using the final model

Train score: 0.001054 rmse (norm): 0.032332 rmse (real): 2304.544768
Test score: 0.000981 rmse (norm): 0.031323 rmse (real): 2232.665805

elapsed time (full evaluation): 80.729 seconds

Predictions shape: (1344, 2, 46, 87)
Test shape: (1344, 2, 46, 87)
Total training time: 7 hrs 50 mins 47.931446 s
==========
loading data...

=====stat=====
data shape: (5856, 2, 46, 87)
# of days: 122, from 2015-12-01 to 2016-03-31
# of timeslots: 5856
# of timeslots (available): 5856
missing ratio of timeslots: 0.0%
max: 142557.000, min: 0.000
# of valid inflow cells: 881
# of valid outflow cells: 939
=====stat=====

train_data shape: (4512, 2, 46, 87)
XC shape: (5712, 8, 46, 87)
XP shape: (5712, 6, 46, 87)
XT shape: (0,)
Y shape: (5712, 2, 46, 87)
total number of holidays/weekends: 1968.0
windspeed shape: (5712,)
weather shape: (5712, 8)
temperature shape: (5712,)
merged shape: (5712, 10)
time feature shape: (5712, 8)
holiday feature shape: (5712, 1)
weather feature shape: (5712, 10)
meta feature shape: (5712, 19)
train set X shape: (4368, 8, 46, 87)
train set Y shape(4368, 2, 46, 87)
test set X shape: (1344, 8, 46, 87)
test set Y shape: (1344, 2, 46, 87)
X train shape for closeness : (4368, 8, 46, 87)
X train shape for period : (4368, 6, 46, 87)
X train shape for trend : (4368, 19)
X test shape for closeness : (1344, 8, 46, 87)
X test shape for period : (1344, 6, 46, 87)
X test shape for trend : (1344, 19)

elapsed time (loading data): 88.420 seconds

==========
compiling model...


elapsed time (model compilation): 3.235 seconds

==========
training model (development)...


elapsed time (development training): 5737.860 seconds

==========
evaluate the model that has the best loss on the valid set

Train score: 0.001764 rmse (norm): 0.041923 rmse (real): 2988.188514
Test score: 0.001699 rmse (norm): 0.041215 rmse (real): 2937.727095

elapsed time (development evaluation): 57.384 seconds

==========
training model (full)...


elapsed time (full training): 15820.625 seconds

==========
evaluating using the final model

Train score: 0.001301 rmse (norm): 0.035992 rmse (real): 2565.439811
Test score: 0.001254 rmse (norm): 0.035409 rmse (real): 2523.905966

elapsed time (full evaluation): 57.392 seconds

Predictions shape: (1344, 2, 46, 87)
Test shape: (1344, 2, 46, 87)
Total training time: 5 hrs 59 mins 18.484331 s
==========
loading data...

=====stat=====
data shape: (5856, 2, 46, 87)
# of days: 122, from 2015-12-01 to 2016-03-31
# of timeslots: 5856
# of timeslots (available): 5856
missing ratio of timeslots: 0.0%
max: 142557.000, min: 0.000
# of valid inflow cells: 881
# of valid outflow cells: 939
=====stat=====

train_data shape: (4512, 2, 46, 87)
XC shape: (5520, 8, 46, 87)
XP shape: (5520, 6, 46, 87)
XT shape: (5520, 2, 46, 87)
Y shape: (5520, 2, 46, 87)
total number of holidays/weekends: 1872.0
windspeed shape: (5520,)
weather shape: (5520, 8)
temperature shape: (5520,)
merged shape: (5520, 10)
time feature shape: (5520, 8)
holiday feature shape: (5520, 1)
weather feature shape: (5520, 10)
meta feature shape: (5520, 19)
train set X shape: (4176, 8, 46, 87)
train set Y shape(4176, 2, 46, 87)
test set X shape: (1344, 8, 46, 87)
test set Y shape: (1344, 2, 46, 87)
X train shape for closeness : (4176, 8, 46, 87)
X train shape for period : (4176, 6, 46, 87)
X train shape for trend : (4176, 2, 46, 87)
X train shape for meta : (4176, 19)
X test shape for closeness : (1344, 8, 46, 87)
X test shape for period : (1344, 6, 46, 87)
X test shape for trend : (1344, 2, 46, 87)
X test shape for meta : (1344, 19)

elapsed time (loading data): 150.149 seconds

==========
compiling model...


elapsed time (model compilation): 3.513 seconds

==========
training model (development)...


elapsed time (development training): 4801.674 seconds

==========
evaluate the model that has the best loss on the valid set

Train score: 0.001797 rmse (norm): 0.042147 rmse (real): 3004.141854
Test score: 0.001676 rmse (norm): 0.040940 rmse (real): 2918.146684

elapsed time (development evaluation): 81.464 seconds

==========
training model (full)...


elapsed time (full training): 22436.423 seconds

==========
evaluating using the final model

Train score: 0.001270 rmse (norm): 0.035493 rmse (real): 2529.863451
Test score: 0.001227 rmse (norm): 0.035035 rmse (real): 2497.237680

elapsed time (full evaluation): 80.961 seconds

Predictions shape: (1344, 2, 46, 87)
Test shape: (1344, 2, 46, 87)
Total training time: 7 hrs 33 mins 58.097628 s
==========
loading data...

=====stat=====
data shape: (5856, 2, 46, 87)
# of days: 122, from 2015-12-01 to 2016-03-31
# of timeslots: 5856
# of timeslots (available): 5856
missing ratio of timeslots: 0.0%
max: 142557.000, min: 0.000
# of valid inflow cells: 881
# of valid outflow cells: 939
=====stat=====

train_data shape: (4512, 2, 46, 87)
XC shape: (5664, 8, 46, 87)
XP shape: (5664, 8, 46, 87)
XT shape: (0,)
Y shape: (5664, 2, 46, 87)
total number of holidays/weekends: 1968.0
windspeed shape: (5664,)
weather shape: (5664, 8)
temperature shape: (5664,)
merged shape: (5664, 10)
time feature shape: (5664, 8)
holiday feature shape: (5664, 1)
weather feature shape: (5664, 10)
meta feature shape: (5664, 19)
train set X shape: (4320, 8, 46, 87)
train set Y shape(4320, 2, 46, 87)
test set X shape: (1344, 8, 46, 87)
test set Y shape: (1344, 2, 46, 87)
X train shape for closeness : (4320, 8, 46, 87)
X train shape for period : (4320, 8, 46, 87)
X train shape for trend : (4320, 19)
X test shape for closeness : (1344, 8, 46, 87)
X test shape for period : (1344, 8, 46, 87)
X test shape for trend : (1344, 19)

elapsed time (loading data): 125.789 seconds

==========
compiling model...


elapsed time (model compilation): 2.798 seconds

==========
training model (development)...


elapsed time (development training): 5847.120 seconds

==========
evaluate the model that has the best loss on the valid set

Train score: 0.001810 rmse (norm): 0.042443 rmse (real): 3025.256626
Test score: 0.001742 rmse (norm): 0.041739 rmse (real): 2975.069016

elapsed time (development evaluation): 57.477 seconds

==========
training model (full)...


elapsed time (full training): 15714.415 seconds

==========
evaluating using the final model

Train score: 0.001136 rmse (norm): 0.033593 rmse (real): 2394.490497
Test score: 0.001081 rmse (norm): 0.032882 rmse (real): 2343.789020

elapsed time (full evaluation): 57.472 seconds

Predictions shape: (1344, 2, 46, 87)
Test shape: (1344, 2, 46, 87)
Total training time: 5 hrs 59 mins 21.534907 s
==========
loading data...

=====stat=====
data shape: (5856, 2, 46, 87)
# of days: 122, from 2015-12-01 to 2016-03-31
# of timeslots: 5856
# of timeslots (available): 5856
missing ratio of timeslots: 0.0%
max: 142557.000, min: 0.000
# of valid inflow cells: 881
# of valid outflow cells: 939
=====stat=====

train_data shape: (4512, 2, 46, 87)
XC shape: (5520, 8, 46, 87)
XP shape: (5520, 8, 46, 87)
XT shape: (5520, 2, 46, 87)
Y shape: (5520, 2, 46, 87)
total number of holidays/weekends: 1872.0
windspeed shape: (5520,)
weather shape: (5520, 8)
temperature shape: (5520,)
merged shape: (5520, 10)
time feature shape: (5520, 8)
holiday feature shape: (5520, 1)
weather feature shape: (5520, 10)
meta feature shape: (5520, 19)
train set X shape: (4176, 8, 46, 87)
train set Y shape(4176, 2, 46, 87)
test set X shape: (1344, 8, 46, 87)
test set Y shape: (1344, 2, 46, 87)
X train shape for closeness : (4176, 8, 46, 87)
X train shape for period : (4176, 8, 46, 87)
X train shape for trend : (4176, 2, 46, 87)
X train shape for meta : (4176, 19)
X test shape for closeness : (1344, 8, 46, 87)
X test shape for period : (1344, 8, 46, 87)
X test shape for trend : (1344, 2, 46, 87)
X test shape for meta : (1344, 19)

elapsed time (loading data): 187.346 seconds

==========
compiling model...


elapsed time (model compilation): 3.912 seconds

==========
training model (development)...


elapsed time (development training): 6076.698 seconds

==========
evaluate the model that has the best loss on the valid set

Train score: 0.001689 rmse (norm): 0.040892 rmse (real): 2914.689736
Test score: 0.001572 rmse (norm): 0.039655 rmse (real): 2826.521831

elapsed time (development evaluation): 81.480 seconds

==========
training model (full)...


elapsed time (full training): 22537.268 seconds

==========
evaluating using the final model

Train score: 0.001110 rmse (norm): 0.033171 rmse (real): 2364.377384
Test score: 0.001024 rmse (norm): 0.032000 rmse (real): 2280.933085

elapsed time (full evaluation): 81.378 seconds

Predictions shape: (1344, 2, 46, 87)
Test shape: (1344, 2, 46, 87)
Total training time: 7 hrs 56 mins 53.965727 s
