==========
loading data...

reading dataset/CACHE/SG_VDLset4_M87x46_T30_c4.p1.t1_Ext.W.H_masked.h5...
loaded dataset/CACHE/SG_VDLset4_M87x46_T30_c4.p1.t1_Ext.W.H_masked.h5 successfully

elapsed time (loading data): 16.894 seconds

==========
compiling model...


elapsed time (model compilation): 5.762 seconds

==========
training model (development)...


elapsed time (development training): 6538.179 seconds

==========
evaluate the model that has the best loss on the valid set

Train score: 0.001799 rmse (norm): 0.042149 rmse (real): 3004.319119
Test score: 0.001700 rmse (norm): 0.041232 rmse (real): 2938.934474

elapsed time (development evaluation): 111.581 seconds

==========
training model (full)...


elapsed time (full training): 31960.872 seconds

==========
evaluating using the final model

Train score: 0.001030 rmse (norm): 0.031958 rmse (real): 2277.942621
Test score: 0.000990 rmse (norm): 0.031472 rmse (real): 2243.288723

elapsed time (full evaluation): 111.552 seconds

Predictions shape: (1344, 2, 46, 87)
Test shape: (1344, 2, 46, 87)
Total training time: 10 hrs 41 mins 39.050971 s
