==========
loading data...

=====stat=====
data shape: (5856, 2, 46, 87)
# of days: 122, from 2015-12-01 to 2016-03-31
# of timeslots: 5856
# of timeslots (available): 5856
missing ratio of timeslots: 0.0%
max: 142557.000, min: 0.000
# of valid inflow cells: 881
# of valid outflow cells: 939
=====stat=====

train_data shape: (4512, 2, 46, 87)
XC shape: (5664, 8, 46, 87)
XP shape: (5664, 8, 46, 87)
XT shape: (0,)
Y shape: (5664, 2, 46, 87)
total number of holidays/weekends: 1968.0
windspeed shape: (5664,)
weather shape: (5664, 8)
temperature shape: (5664,)
merged shape: (5664, 10)
time feature shape: (5664, 8)
holiday feature shape: (5664, 1)
weather feature shape: (5664, 10)
meta feature shape: (5664, 19)
train set X shape: (4320, 8, 46, 87)
train set Y shape(4320, 2, 46, 87)
test set X shape: (1344, 8, 46, 87)
test set Y shape: (1344, 2, 46, 87)
X train shape for closeness : (4320, 8, 46, 87)
X train shape for period : (4320, 8, 46, 87)
X train shape for trend : (4320, 19)
X test shape for closeness : (1344, 8, 46, 87)
X test shape for period : (1344, 8, 46, 87)
X test shape for trend : (1344, 19)

elapsed time (loading data): 125.789 seconds

==========
compiling model...


elapsed time (model compilation): 2.798 seconds

==========
training model (development)...


elapsed time (development training): 5847.120 seconds

==========
evaluate the model that has the best loss on the valid set

Train score: 0.001810 rmse (norm): 0.042443 rmse (real): 3025.256626
Test score: 0.001742 rmse (norm): 0.041739 rmse (real): 2975.069016

elapsed time (development evaluation): 57.477 seconds

==========
training model (full)...


elapsed time (full training): 15714.415 seconds

==========
evaluating using the final model

Train score: 0.001136 rmse (norm): 0.033593 rmse (real): 2394.490497
Test score: 0.001081 rmse (norm): 0.032882 rmse (real): 2343.789020

elapsed time (full evaluation): 57.472 seconds

Predictions shape: (1344, 2, 46, 87)
Test shape: (1344, 2, 46, 87)
Total training time: 5 hrs 59 mins 21.534907 s
==========
loading data...

=====stat=====
data shape: (5856, 2, 46, 87)
# of days: 122, from 2015-12-01 to 2016-03-31
# of timeslots: 5856
# of timeslots (available): 5856
missing ratio of timeslots: 0.0%
max: 142557.000, min: 0.000
# of valid inflow cells: 881
# of valid outflow cells: 939
=====stat=====

train_data shape: (4512, 2, 46, 87)
XC shape: (5520, 8, 46, 87)
XP shape: (5520, 8, 46, 87)
XT shape: (5520, 2, 46, 87)
Y shape: (5520, 2, 46, 87)
total number of holidays/weekends: 1872.0
windspeed shape: (5520,)
weather shape: (5520, 8)
temperature shape: (5520,)
merged shape: (5520, 10)
time feature shape: (5520, 8)
holiday feature shape: (5520, 1)
weather feature shape: (5520, 10)
meta feature shape: (5520, 19)
train set X shape: (4176, 8, 46, 87)
train set Y shape(4176, 2, 46, 87)
test set X shape: (1344, 8, 46, 87)
test set Y shape: (1344, 2, 46, 87)
X train shape for closeness : (4176, 8, 46, 87)
X train shape for period : (4176, 8, 46, 87)
X train shape for trend : (4176, 2, 46, 87)
X train shape for meta : (4176, 19)
X test shape for closeness : (1344, 8, 46, 87)
X test shape for period : (1344, 8, 46, 87)
X test shape for trend : (1344, 2, 46, 87)
X test shape for meta : (1344, 19)

elapsed time (loading data): 187.346 seconds

==========
compiling model...


elapsed time (model compilation): 3.912 seconds

==========
training model (development)...


elapsed time (development training): 6076.698 seconds

==========
evaluate the model that has the best loss on the valid set

Train score: 0.001689 rmse (norm): 0.040892 rmse (real): 2914.689736
Test score: 0.001572 rmse (norm): 0.039655 rmse (real): 2826.521831

elapsed time (development evaluation): 81.480 seconds

==========
training model (full)...


elapsed time (full training): 22537.268 seconds

==========
evaluating using the final model

Train score: 0.001110 rmse (norm): 0.033171 rmse (real): 2364.377384
Test score: 0.001024 rmse (norm): 0.032000 rmse (real): 2280.933085

elapsed time (full evaluation): 81.378 seconds

Predictions shape: (1344, 2, 46, 87)
Test shape: (1344, 2, 46, 87)
Total training time: 7 hrs 56 mins 53.965727 s
