==========
loading data...

=====stat=====
data shape: (5856, 2, 46, 87)
# of days: 122, from 2015-12-01 to 2016-03-31
# of timeslots: 5856
# of timeslots (available): 5856
missing ratio of timeslots: 0.0%
max: 142557.000, min: 0.000
# of valid inflow cells: 881
# of valid outflow cells: 939
=====stat=====

train_data shape: (4512, 2, 46, 87)
XC shape: (5520, 8, 46, 87)
XP shape: (5520, 2, 46, 87)
XT shape: (5520, 2, 46, 87)
Y shape: (5520, 2, 46, 87)
total number of holidays/weekends: 1872.0
windspeed shape: (5520,)
weather shape: (5520, 8)
temperature shape: (5520,)
merged shape: (5520, 10)
time feature shape: (5520, 8)
holiday feature shape: (5520, 1)
weather feature shape: (5520, 10)
meta feature shape: (5520, 19)
train set X shape: (4176, 8, 46, 87)
train set Y shape(4176, 2, 46, 87)
test set X shape: (1344, 8, 46, 87)
test set Y shape: (1344, 2, 46, 87)
X train shape for closeness : (4176, 8, 46, 87)
X train shape for period : (4176, 2, 46, 87)
X train shape for trend : (4176, 2, 46, 87)
X train shape for meta : (4176, 19)
X test shape for closeness : (1344, 8, 46, 87)
X test shape for period : (1344, 2, 46, 87)
X test shape for trend : (1344, 2, 46, 87)
X test shape for meta : (1344, 19)

elapsed time (loading data): 105.480 seconds

==========
compiling model...


elapsed time (model compilation): 4.660 seconds

==========
training model (development)...


elapsed time (development training): 6436.509 seconds

==========
evaluate the model that has the best loss on the valid set

Train score: 0.001631 rmse (norm): 0.040197 rmse (real): 2865.149601
Test score: 0.001530 rmse (norm): 0.039112 rmse (real): 2787.840562

elapsed time (development evaluation): 80.242 seconds

==========
training model (full)...


elapsed time (full training): 22337.770 seconds

==========
evaluating using the final model

Train score: 0.001104 rmse (norm): 0.033087 rmse (real): 2358.423952
Test score: 0.001044 rmse (norm): 0.032310 rmse (real): 2302.994107

elapsed time (full evaluation): 79.740 seconds

Predictions shape: (1344, 2, 46, 87)
Test shape: (1344, 2, 46, 87)
Total training time: 7 hrs 59 mins 34.279913 s
