==========
loading data...

reading dataset/CACHE/SG_VDLset2_M87x46_T30_c4.p1.t1_Ext.W.H_masked.h5...
loaded dataset/CACHE/SG_VDLset2_M87x46_T30_c4.p1.t1_Ext.W.H_masked.h5 successfully

elapsed time (loading data): 11.237 seconds

==========
compiling model...


elapsed time (model compilation): 7.333 seconds

==========
training model (development)...


elapsed time (development training): 13977.077 seconds

==========
evaluate the model that has the best loss on the valid set

Train score: 0.001064 rmse (norm): 0.032483 rmse (real): 2853.250246
Test score: 0.001305 rmse (norm): 0.036130 rmse (real): 3173.638509

elapsed time (development evaluation): 115.348 seconds

==========
training model (full)...


elapsed time (full training): 32435.224 seconds

==========
evaluating using the final model

Train score: 0.000929 rmse (norm): 0.030394 rmse (real): 2669.758453
Test score: 0.001174 rmse (norm): 0.034258 rmse (real): 3009.236399

elapsed time (full evaluation): 112.647 seconds

Predictions shape: (1344, 2, 46, 87)
Test shape: (1344, 2, 46, 87)
Total training time: 12 hrs 53 mins 32.300761 s
