==========
loading data...

=====stat=====
data shape: (5856, 2, 46, 87)
# of days: 122, from 2014-09-01 to 2014-12-31
# of timeslots: 5856
# of timeslots (available): 5856
missing ratio of timeslots: 0.0%
max: 175679.000, min: 0.000
# of valid inflow cells: 889
# of valid outflow cells: 947
=====stat=====

train_data shape: (4512, 2, 46, 87)
XC shape: (5520, 8, 46, 87)
XP shape: (5520, 2, 46, 87)
XT shape: (5520, 2, 46, 87)
Y shape: (5520, 2, 46, 87)
total number of holidays/weekends: 1776.0
windspeed shape: (5520,)
weather shape: (5520, 8)
temperature shape: (5520,)
merged shape: (5520, 10)
time feature shape: (5520, 8)
holiday feature shape: (5520, 1)
weather feature shape: (5520, 10)
meta feature shape: (5520, 19)
train set X shape: (4176, 8, 46, 87)
train set Y shape(4176, 2, 46, 87)
test set X shape: (1344, 8, 46, 87)
test set Y shape: (1344, 2, 46, 87)
X train shape for closeness : (4176, 8, 46, 87)
X train shape for period : (4176, 2, 46, 87)
X train shape for trend : (4176, 2, 46, 87)
X train shape for meta : (4176, 19)
X test shape for closeness : (1344, 8, 46, 87)
X test shape for period : (1344, 2, 46, 87)
X test shape for trend : (1344, 2, 46, 87)
X test shape for meta : (1344, 19)

elapsed time (loading data): 106.357 seconds

==========
compiling model...


elapsed time (model compilation): 4.850 seconds

==========
training model (development)...


elapsed time (development training): 7432.031 seconds

==========
evaluate the model that has the best loss on the valid set

Train score: 0.000314 rmse (norm): 0.017678 rmse (real): 1552.831780
Test score: 0.000361 rmse (norm): 0.019010 rmse (real): 1669.816945

elapsed time (development evaluation): 79.052 seconds

==========
training model (full)...


elapsed time (full training): 22203.077 seconds

==========
evaluating using the final model

Train score: 0.000223 rmse (norm): 0.014892 rmse (real): 1308.144696
Test score: 0.000269 rmse (norm): 0.016406 rmse (real): 1441.071410

elapsed time (full evaluation): 78.512 seconds

Predictions shape: (1344, 2, 46, 87)
Test shape: (1344, 2, 46, 87)
Total training time: 8 hrs 13 mins 55.107990 s
